Using pre-set license
Built from '2020.3/release' branch; Version is '2020.3.2f1 (8fd9074bf66c) revision 9427207'; Using compiler version '192528614'; Build Type 'Release'
OS: 'Windows 10 Pro; OS build 19045.3324; Version 2009; 64bit' Language: 'pt' Physical Memory: 16298 MB
BatchMode: 1, IsHumanControllingUs: 0, StartBugReporterOnCrash: 0, Is64bit: 1, IsPro: 0

 COMMAND LINE ARGUMENTS:
C:\Program Files\Unity\Hub\Editor\2020.3.2f1\Editor\Unity.exe
-adb2
-batchMode
-noUpm
-name
AssetImportWorker0
-projectPath
C:/Users/User/Documents/GitHub/mobileEbac/mobileEbac
-logFile
Logs/AssetImportWorker0.log
-srvPort
63099
Successfully changed project path to: C:/Users/User/Documents/GitHub/mobileEbac/mobileEbac
C:/Users/User/Documents/GitHub/mobileEbac/mobileEbac
Using Asset Import Pipeline V2.
Refreshing native plugins compatible for Editor in 59.84 ms, found 0 plugins.
Preloading 0 native plugins for Editor in 0.00 ms.
Initialize engine version: 2020.3.2f1 (8fd9074bf66c)
[Subsystems] Discovering subsystems at path C:/Program Files/Unity/Hub/Editor/2020.3.2f1/Editor/Data/Resources/UnitySubsystems
[Subsystems] Discovering subsystems at path C:/Users/User/Documents/GitHub/mobileEbac/mobileEbac/Assets
GfxDevice: creating device client; threaded=0
Direct3D:
    Version:  Direct3D 11.0 [level 11.0]
    Renderer: NVIDIA GeForce 920M (ID=0x1299)
    Vendor:   
    VRAM:     2020 MB
    Driver:   22.21.13.8205
Initialize mono
Mono path[0] = 'C:/Program Files/Unity/Hub/Editor/2020.3.2f1/Editor/Data/Managed'
Mono path[1] = 'C:/Program Files/Unity/Hub/Editor/2020.3.2f1/Editor/Data/MonoBleedingEdge/lib/mono/unityjit'
Mono config path = 'C:/Program Files/Unity/Hub/Editor/2020.3.2f1/Editor/Data/MonoBleedingEdge/etc'
Using monoOptions --debugger-agent=transport=dt_socket,embedding=1,server=y,suspend=n,address=127.0.0.1:56604
Begin MonoManager ReloadAssembly
Registering precompiled unity dll's ...
Register platform support module: C:/Program Files/Unity/Hub/Editor/2020.3.2f1/Editor/Data/PlaybackEngines/WindowsStandaloneSupport/UnityEditor.WindowsStandalone.Extensions.dll
Registered in 0.003779 seconds.
Native extension for WindowsStandalone target not found
Refreshing native plugins compatible for Editor in 75.36 ms, found 0 plugins.
Preloading 0 native plugins for Editor in 0.00 ms.
Invoked RoslynAnalysisRunner static constructor.
RoslynAnalysisRunner will not be running.
RoslynAnalysisRunner has terminated.
Mono: successfully reloaded assembly
- Completed reload, in  4.786 seconds
Platform modules already initialized, skipping
Registering precompiled user dll's ...
Registered in 0.003147 seconds.
Begin MonoManager ReloadAssembly
Native extension for WindowsStandalone target not found
Refreshing native plugins compatible for Editor in 0.52 ms, found 0 plugins.
Preloading 0 native plugins for Editor in 0.00 ms.
Invoked RoslynAnalysisRunner static constructor.
RoslynAnalysisRunner will not be running.
RoslynAnalysisRunner has terminated.
Mono: successfully reloaded assembly
- Completed reload, in  1.959 seconds
Platform modules already initialized, skipping
========================================================================
Worker process is ready to serve import requests
Launched and connected shader compiler UnityShaderCompiler.exe after 0.13 seconds
Refreshing native plugins compatible for Editor in 0.42 ms, found 0 plugins.
Preloading 0 native plugins for Editor in 0.00 ms.
Unloading 1313 Unused Serialized files (Serialized files now loaded: 0)
System memory in use before: 65.7 MB.
System memory in use after: 65.7 MB.

Unloading 13 unused Assets to reduce memory usage. Loaded Objects now: 1760.
Total: 3.621700 ms (FindLiveObjects: 0.933700 ms CreateObjectMapping: 0.075000 ms MarkObjects: 2.194300 ms  DeleteObjects: 0.414300 ms)

========================================================================
Received Import Request.
  path: Assets/_ScriptableObjects/Level_01.asset
  artifactKey: Guid(f27cc2cc896b0f942bc36414f8a01721) Importer(815301076,1909f56bfc062723c751e8b465ee728b)
Start importing Assets/_ScriptableObjects/Level_01.asset using Guid(f27cc2cc896b0f942bc36414f8a01721) Importer(815301076,1909f56bfc062723c751e8b465ee728b)  -> (artifact id: '7a290782dd603f92fefca7487e570d69') in 0.152005 seconds
  Import took 0.159277 seconds .

========================================================================
Received Import Request.
  Time since last request: 1.063430 seconds.
  path: Assets/_ScriptableObjects/Level_03.asset
  artifactKey: Guid(877175de1eaf0794186ae913435dcec1) Importer(815301076,1909f56bfc062723c751e8b465ee728b)
Start importing Assets/_ScriptableObjects/Level_03.asset using Guid(877175de1eaf0794186ae913435dcec1) Importer(815301076,1909f56bfc062723c751e8b465ee728b)  -> (artifact id: '49b8783e34b1e1da89a1b30945aef837') in 0.033320 seconds
  Import took 0.043589 seconds .

========================================================================
Received Prepare
Refreshing native plugins compatible for Editor in 6.01 ms, found 0 plugins.
Preloading 0 native plugins for Editor in 0.00 ms.
Unloading 5 Unused Serialized files (Serialized files now loaded: 0)
System memory in use before: 38.6 MB.
System memory in use after: 38.7 MB.

Unloading 5 unused Assets to reduce memory usage. Loaded Objects now: 1764.
Total: 11.673200 ms (FindLiveObjects: 0.542700 ms CreateObjectMapping: 0.168200 ms MarkObjects: 10.854100 ms  DeleteObjects: 0.105100 ms)

========================================================================
Received Import Request.
  Time since last request: 171.422413 seconds.
  path: Assets/Scripts/LevelManager/LevelManager.cs
  artifactKey: Guid(92eed350ab9b8fd409a57843db317c53) Importer(815301076,1909f56bfc062723c751e8b465ee728b)
Start importing Assets/Scripts/LevelManager/LevelManager.cs using Guid(92eed350ab9b8fd409a57843db317c53) Importer(815301076,1909f56bfc062723c751e8b465ee728b)  -> (artifact id: 'd79118836454b7a3cd5afdfd5bd9ad77') in 0.025126 seconds
  Import took 0.029703 seconds .

========================================================================
Received Import Request.
  Time since last request: 0.038309 seconds.
  path: Assets/Scripts/LevelManager/LevelManager.cs
  artifactKey: Guid(92eed350ab9b8fd409a57843db317c53) Importer(815301076,1909f56bfc062723c751e8b465ee728b)
Start importing Assets/Scripts/LevelManager/LevelManager.cs using Guid(92eed350ab9b8fd409a57843db317c53) Importer(815301076,1909f56bfc062723c751e8b465ee728b)  -> (artifact id: 'd79118836454b7a3cd5afdfd5bd9ad77') in 0.004065 seconds
  Import took 0.008676 seconds .

========================================================================
Received Import Request.
  Time since last request: 57.891795 seconds.
  path: Assets/Scripts/LevelManager/LevelManager.cs
  artifactKey: Guid(92eed350ab9b8fd409a57843db317c53) Importer(815301076,1909f56bfc062723c751e8b465ee728b)
Start importing Assets/Scripts/LevelManager/LevelManager.cs using Guid(92eed350ab9b8fd409a57843db317c53) Importer(815301076,1909f56bfc062723c751e8b465ee728b)  -> (artifact id: 'c2af2ea63636d4e6d163001a4b73d59d') in 0.014507 seconds
  Import took 0.093010 seconds .

========================================================================
Received Prepare
Registering precompiled user dll's ...
Registered in 0.002984 seconds.
Begin MonoManager ReloadAssembly
Native extension for WindowsStandalone target not found
Refreshing native plugins compatible for Editor in 0.31 ms, found 0 plugins.
Preloading 0 native plugins for Editor in 0.00 ms.
Invoked RoslynAnalysisRunner static constructor.
RoslynAnalysisRunner will not be running.
RoslynAnalysisRunner has terminated.
Mono: successfully reloaded assembly
- Completed reload, in  1.768 seconds
Platform modules already initialized, skipping
Switching build target platform(5) subTarget(0) extendedPlatform(0) -> platform(13) subTarget(537395200) extendedPlatform(0)
Refreshing native plugins compatible for Editor in 0.32 ms, found 0 plugins.
Preloading 0 native plugins for Editor in 0.00 ms.
Unloading 1296 Unused Serialized files (Serialized files now loaded: 0)
System memory in use before: 64.1 MB.
System memory in use after: 64.2 MB.

Unloading 8 unused Assets to reduce memory usage. Loaded Objects now: 1767.
Total: 3.812000 ms (FindLiveObjects: 0.611100 ms CreateObjectMapping: 0.206600 ms MarkObjects: 2.896800 ms  DeleteObjects: 0.095000 ms)

AssetImportParameters requested are different than current active one (requested -> active):
  custom:graphics/normal-map-encoding: 01000000000000000000000000000000 -> 02000000000000000000000000000000
========================================================================
Received Import Request.
  Time since last request: 155.844905 seconds.
  path: Assets/Prefabs/Levels/Pieces/Piece_03.prefab
  artifactKey: Guid(393b9bd0680f3164fbdc4de614495e98) Importer(815301076,1909f56bfc062723c751e8b465ee728b)
Start importing Assets/Prefabs/Levels/Pieces/Piece_03.prefab using Guid(393b9bd0680f3164fbdc4de614495e98) Importer(815301076,1909f56bfc062723c751e8b465ee728b)  -> (artifact id: '95ada47f3b4f6471e7e8c6cb003a9df6') in 0.195839 seconds
  Import took 0.200866 seconds .

========================================================================
Received Import Request.
  Time since last request: 24.234120 seconds.
  path: Assets/Prefabs/PFB_Coin.prefab
  artifactKey: Guid(e7d87345446527248845cc1199f2094c) Importer(815301076,1909f56bfc062723c751e8b465ee728b)
Start importing Assets/Prefabs/PFB_Coin.prefab using Guid(e7d87345446527248845cc1199f2094c) Importer(815301076,1909f56bfc062723c751e8b465ee728b)  -> (artifact id: '286f83e48e44a966372b89c94a406d66') in 0.036005 seconds
  Import took 0.039197 seconds .

========================================================================
Received Import Request.
  Time since last request: 0.036205 seconds.
  path: Assets/Prefabs/PFB_Coin.prefab
  artifactKey: Guid(e7d87345446527248845cc1199f2094c) Importer(815301076,1909f56bfc062723c751e8b465ee728b)
Start importing Assets/Prefabs/PFB_Coin.prefab using Guid(e7d87345446527248845cc1199f2094c) Importer(815301076,1909f56bfc062723c751e8b465ee728b)  -> (artifact id: '286f83e48e44a966372b89c94a406d66') in 0.024522 seconds
  Import took 0.028709 seconds .

========================================================================
Received Prepare
Registering precompiled user dll's ...
Registered in 0.005147 seconds.
Begin MonoManager ReloadAssembly
Native extension for WindowsStandalone target not found
Refreshing native plugins compatible for Editor in 0.45 ms, found 0 plugins.
Preloading 0 native plugins for Editor in 0.00 ms.
Invoked RoslynAnalysisRunner static constructor.
RoslynAnalysisRunner will not be running.
RoslynAnalysisRunner has terminated.
Mono: successfully reloaded assembly
- Completed reload, in  1.461 seconds
Platform modules already initialized, skipping
Switching build target platform(5) subTarget(0) extendedPlatform(0) -> platform(13) subTarget(537395200) extendedPlatform(0)
Refreshing native plugins compatible for Editor in 0.34 ms, found 0 plugins.
Preloading 0 native plugins for Editor in 0.00 ms.
Unloading 1296 Unused Serialized files (Serialized files now loaded: 0)
System memory in use before: 67.2 MB.
System memory in use after: 67.3 MB.

Unloading 9 unused Assets to reduce memory usage. Loaded Objects now: 1777.
Total: 3.353300 ms (FindLiveObjects: 0.360400 ms CreateObjectMapping: 0.145000 ms MarkObjects: 2.669500 ms  DeleteObjects: 0.175900 ms)

AssetImportParameters requested are different than current active one (requested -> active):
  custom:graphics/normal-map-encoding: 01000000000000000000000000000000 -> 02000000000000000000000000000000
========================================================================
Received Prepare
Registering precompiled user dll's ...
Registered in 0.004318 seconds.
Begin MonoManager ReloadAssembly
Native extension for WindowsStandalone target not found
Refreshing native plugins compatible for Editor in 0.31 ms, found 0 plugins.
Preloading 0 native plugins for Editor in 0.00 ms.
Invoked RoslynAnalysisRunner static constructor.
RoslynAnalysisRunner will not be running.
RoslynAnalysisRunner has terminated.
Mono: successfully reloaded assembly
- Completed reload, in  1.469 seconds
Platform modules already initialized, skipping
Switching build target platform(5) subTarget(0) extendedPlatform(0) -> platform(13) subTarget(537395200) extendedPlatform(0)
Refreshing native plugins compatible for Editor in 0.47 ms, found 0 plugins.
Preloading 0 native plugins for Editor in 0.00 ms.
Unloading 1296 Unused Serialized files (Serialized files now loaded: 0)
System memory in use before: 67.2 MB.
System memory in use after: 67.3 MB.

Unloading 8 unused Assets to reduce memory usage. Loaded Objects now: 1780.
Total: 2.737300 ms (FindLiveObjects: 0.184900 ms CreateObjectMapping: 0.055500 ms MarkObjects: 2.397800 ms  DeleteObjects: 0.096000 ms)

AssetImportParameters requested are different than current active one (requested -> active):
  custom:graphics/normal-map-encoding: 01000000000000000000000000000000 -> 02000000000000000000000000000000
AssetImportWorkerClient::OnTransportError - code=2 error=End of file
