Using pre-set license
Built from '2020.3/release' branch; Version is '2020.3.2f1 (8fd9074bf66c) revision 9427207'; Using compiler version '192528614'; Build Type 'Release'
OS: 'Windows 10 Pro; OS build 19045.3693; Version 2009; 64bit' Language: 'pt' Physical Memory: 16298 MB
BatchMode: 1, IsHumanControllingUs: 0, StartBugReporterOnCrash: 0, Is64bit: 1, IsPro: 0

 COMMAND LINE ARGUMENTS:
C:\Program Files\Unity\Hub\Editor\2020.3.2f1\Editor\Unity.exe
-adb2
-batchMode
-noUpm
-name
AssetImportWorker1
-projectPath
C:/Users/User/Documents/GitHub/mobileEbac/mobileEbac
-logFile
Logs/AssetImportWorker1.log
-srvPort
52834
Successfully changed project path to: C:/Users/User/Documents/GitHub/mobileEbac/mobileEbac
C:/Users/User/Documents/GitHub/mobileEbac/mobileEbac
Using Asset Import Pipeline V2.
Refreshing native plugins compatible for Editor in 92.24 ms, found 0 plugins.
Preloading 0 native plugins for Editor in 0.00 ms.
Initialize engine version: 2020.3.2f1 (8fd9074bf66c)
[Subsystems] Discovering subsystems at path C:/Program Files/Unity/Hub/Editor/2020.3.2f1/Editor/Data/Resources/UnitySubsystems
[Subsystems] Discovering subsystems at path C:/Users/User/Documents/GitHub/mobileEbac/mobileEbac/Assets
GfxDevice: creating device client; threaded=0
Direct3D:
    Version:  Direct3D 11.0 [level 11.0]
    Renderer: NVIDIA GeForce 920M (ID=0x1299)
    Vendor:   
    VRAM:     2020 MB
    Driver:   22.21.13.8205
Initialize mono
Mono path[0] = 'C:/Program Files/Unity/Hub/Editor/2020.3.2f1/Editor/Data/Managed'
Mono path[1] = 'C:/Program Files/Unity/Hub/Editor/2020.3.2f1/Editor/Data/MonoBleedingEdge/lib/mono/unityjit'
Mono config path = 'C:/Program Files/Unity/Hub/Editor/2020.3.2f1/Editor/Data/MonoBleedingEdge/etc'
Using monoOptions --debugger-agent=transport=dt_socket,embedding=1,server=y,suspend=n,address=127.0.0.1:56040
Begin MonoManager ReloadAssembly
Registering precompiled unity dll's ...
Register platform support module: C:/Program Files/Unity/Hub/Editor/2020.3.2f1/Editor/Data/PlaybackEngines/WindowsStandaloneSupport/UnityEditor.WindowsStandalone.Extensions.dll
Registered in 0.002915 seconds.
Native extension for WindowsStandalone target not found
Refreshing native plugins compatible for Editor in 125.07 ms, found 0 plugins.
Preloading 0 native plugins for Editor in 0.00 ms.
Invoked RoslynAnalysisRunner static constructor.
RoslynAnalysisRunner will not be running.
RoslynAnalysisRunner has terminated.
Mono: successfully reloaded assembly
- Completed reload, in  7.411 seconds
Platform modules already initialized, skipping
Registering precompiled user dll's ...
Registered in 0.006963 seconds.
Begin MonoManager ReloadAssembly
Native extension for WindowsStandalone target not found
Refreshing native plugins compatible for Editor in 0.30 ms, found 0 plugins.
Preloading 0 native plugins for Editor in 0.00 ms.
Invoked RoslynAnalysisRunner static constructor.
RoslynAnalysisRunner will not be running.
RoslynAnalysisRunner has terminated.
Mono: successfully reloaded assembly
- Completed reload, in  1.663 seconds
Platform modules already initialized, skipping
========================================================================
Worker process is ready to serve import requests
Launched and connected shader compiler UnityShaderCompiler.exe after 0.14 seconds
Refreshing native plugins compatible for Editor in 0.37 ms, found 0 plugins.
Preloading 0 native plugins for Editor in 0.00 ms.
Unloading 1317 Unused Serialized files (Serialized files now loaded: 0)
System memory in use before: 65.8 MB.
System memory in use after: 65.8 MB.

Unloading 13 unused Assets to reduce memory usage. Loaded Objects now: 1764.
Total: 3.506200 ms (FindLiveObjects: 0.236300 ms CreateObjectMapping: 0.853400 ms MarkObjects: 2.301300 ms  DeleteObjects: 0.112900 ms)

========================================================================
Received Import Request.
  path: Assets/Scripts/Utils/MovimentHelper.cs
  artifactKey: Guid(53bb5c6adc8c62b4e8e7c906d5ead598) Importer(815301076,1909f56bfc062723c751e8b465ee728b)
Start importing Assets/Scripts/Utils/MovimentHelper.cs using Guid(53bb5c6adc8c62b4e8e7c906d5ead598) Importer(815301076,1909f56bfc062723c751e8b465ee728b)  -> (artifact id: 'a1ea821f6e2ff58ed0edbb99d01023e4') in 0.092498 seconds
  Import took 0.096885 seconds .

========================================================================
Received Import Request.
  Time since last request: 12.838386 seconds.
  path: Assets/Scripts/Utils/ColorChange.cs
  artifactKey: Guid(79f830d53ad254e48ba572464a7e7771) Importer(815301076,1909f56bfc062723c751e8b465ee728b)
Start importing Assets/Scripts/Utils/ColorChange.cs using Guid(79f830d53ad254e48ba572464a7e7771) Importer(815301076,1909f56bfc062723c751e8b465ee728b)  -> (artifact id: '0734daaa8059e40542ded75280bfcc5d') in 0.021426 seconds
  Import took 0.026161 seconds .

========================================================================
Received Import Request.
  Time since last request: 0.002786 seconds.
  path: Assets/Scripts/Utils/ColorChange.cs
  artifactKey: Guid(79f830d53ad254e48ba572464a7e7771) Importer(815301076,1909f56bfc062723c751e8b465ee728b)
Start importing Assets/Scripts/Utils/ColorChange.cs using Guid(79f830d53ad254e48ba572464a7e7771) Importer(815301076,1909f56bfc062723c751e8b465ee728b)  -> (artifact id: '0734daaa8059e40542ded75280bfcc5d') in 0.007284 seconds
  Import took 0.014227 seconds .

========================================================================
Received Import Request.
  Time since last request: 47.458172 seconds.
  path: Assets/Scripts/LevelManager/LevelPieceBasedSetup.cs
  artifactKey: Guid(432fa279129c02b4a8392d8cf33abee9) Importer(815301076,1909f56bfc062723c751e8b465ee728b)
Start importing Assets/Scripts/LevelManager/LevelPieceBasedSetup.cs using Guid(432fa279129c02b4a8392d8cf33abee9) Importer(815301076,1909f56bfc062723c751e8b465ee728b)  -> (artifact id: 'd6896eedcaeeae659305d41cd091b09a') in 0.021715 seconds
  Import took 0.026090 seconds .

AssetImportWorkerClient::OnTransportError - code=2 error=End of file
