Using pre-set license
Built from '2020.3/release' branch; Version is '2020.3.2f1 (8fd9074bf66c) revision 9427207'; Using compiler version '192528614'; Build Type 'Release'
OS: 'Windows 10 Pro; OS build 19045.3930; Version 2009; 64bit' Language: 'pt' Physical Memory: 16298 MB
BatchMode: 1, IsHumanControllingUs: 0, StartBugReporterOnCrash: 0, Is64bit: 1, IsPro: 0

 COMMAND LINE ARGUMENTS:
C:\Program Files\Unity\Hub\Editor\2020.3.2f1\Editor\Unity.exe
-adb2
-batchMode
-noUpm
-name
AssetImportWorker0
-projectPath
C:/Users/User/Documents/GitHub/mobileEbac/mobileEbac
-logFile
Logs/AssetImportWorker0.log
-srvPort
62569
Successfully changed project path to: C:/Users/User/Documents/GitHub/mobileEbac/mobileEbac
C:/Users/User/Documents/GitHub/mobileEbac/mobileEbac
Using Asset Import Pipeline V2.
Refreshing native plugins compatible for Editor in 43.74 ms, found 0 plugins.
Preloading 0 native plugins for Editor in 0.00 ms.
Initialize engine version: 2020.3.2f1 (8fd9074bf66c)
[Subsystems] Discovering subsystems at path C:/Program Files/Unity/Hub/Editor/2020.3.2f1/Editor/Data/Resources/UnitySubsystems
[Subsystems] Discovering subsystems at path C:/Users/User/Documents/GitHub/mobileEbac/mobileEbac/Assets
GfxDevice: creating device client; threaded=0
Direct3D:
    Version:  Direct3D 11.0 [level 11.0]
    Renderer: NVIDIA GeForce 920M (ID=0x1299)
    Vendor:   
    VRAM:     2020 MB
    Driver:   22.21.13.8205
Initialize mono
Mono path[0] = 'C:/Program Files/Unity/Hub/Editor/2020.3.2f1/Editor/Data/Managed'
Mono path[1] = 'C:/Program Files/Unity/Hub/Editor/2020.3.2f1/Editor/Data/MonoBleedingEdge/lib/mono/unityjit'
Mono config path = 'C:/Program Files/Unity/Hub/Editor/2020.3.2f1/Editor/Data/MonoBleedingEdge/etc'
Using monoOptions --debugger-agent=transport=dt_socket,embedding=1,server=y,suspend=n,address=127.0.0.1:56008
Begin MonoManager ReloadAssembly
Registering precompiled unity dll's ...
Register platform support module: C:/Program Files/Unity/Hub/Editor/2020.3.2f1/Editor/Data/PlaybackEngines/WindowsStandaloneSupport/UnityEditor.WindowsStandalone.Extensions.dll
Registered in 0.002901 seconds.
Native extension for WindowsStandalone target not found
Refreshing native plugins compatible for Editor in 46.46 ms, found 0 plugins.
Preloading 0 native plugins for Editor in 0.00 ms.
Invoked RoslynAnalysisRunner static constructor.
RoslynAnalysisRunner will not be running.
RoslynAnalysisRunner has terminated.
Mono: successfully reloaded assembly
- Completed reload, in  3.309 seconds
Platform modules already initialized, skipping
Registering precompiled user dll's ...
Registered in 0.002646 seconds.
Begin MonoManager ReloadAssembly
Native extension for WindowsStandalone target not found
Refreshing native plugins compatible for Editor in 0.32 ms, found 0 plugins.
Preloading 0 native plugins for Editor in 0.00 ms.
Invoked RoslynAnalysisRunner static constructor.
RoslynAnalysisRunner will not be running.
RoslynAnalysisRunner has terminated.
Mono: successfully reloaded assembly
- Completed reload, in  1.486 seconds
Platform modules already initialized, skipping
========================================================================
Worker process is ready to serve import requests
Launched and connected shader compiler UnityShaderCompiler.exe after 0.09 seconds
Refreshing native plugins compatible for Editor in 0.50 ms, found 0 plugins.
Preloading 0 native plugins for Editor in 0.00 ms.
Unloading 1319 Unused Serialized files (Serialized files now loaded: 0)
System memory in use before: 136.8 MB.
System memory in use after: 136.8 MB.

Unloading 13 unused Assets to reduce memory usage. Loaded Objects now: 1768.
Total: 3.479300 ms (FindLiveObjects: 0.448700 ms CreateObjectMapping: 0.697400 ms MarkObjects: 2.213500 ms  DeleteObjects: 0.117600 ms)

========================================================================
Received Import Request.
  path: Assets/Prefabs/Levels/Pieces/Piece_02.prefab
  artifactKey: Guid(b6a825d17ea411240b3b92536ea4c465) Importer(815301076,1909f56bfc062723c751e8b465ee728b)
Start importing Assets/Prefabs/Levels/Pieces/Piece_02.prefab using Guid(b6a825d17ea411240b3b92536ea4c465) Importer(815301076,1909f56bfc062723c751e8b465ee728b)  -> (artifact id: 'aa2adc45876fcf4fbc4a74375f5783fc') in 0.231559 seconds
  Import took 0.236953 seconds .

========================================================================
Received Import Request.
  Time since last request: 0.000401 seconds.
  path: Assets/Prefabs/Levels/Pieces/Piece_03.prefab
  artifactKey: Guid(393b9bd0680f3164fbdc4de614495e98) Importer(815301076,1909f56bfc062723c751e8b465ee728b)
Start importing Assets/Prefabs/Levels/Pieces/Piece_03.prefab using Guid(393b9bd0680f3164fbdc4de614495e98) Importer(815301076,1909f56bfc062723c751e8b465ee728b)  -> (artifact id: '21d2c0234ad99368dc1c255fc692ca92') in 0.097969 seconds
  Import took 0.103985 seconds .

========================================================================
Received Import Request.
  Time since last request: 109.104059 seconds.
  path: Assets/Prefabs/Levels/Pieces/Piece_01.prefab
  artifactKey: Guid(7e3fcba4fdc0b87408408baf507bd911) Importer(815301076,1909f56bfc062723c751e8b465ee728b)
Start importing Assets/Prefabs/Levels/Pieces/Piece_01.prefab using Guid(7e3fcba4fdc0b87408408baf507bd911) Importer(815301076,1909f56bfc062723c751e8b465ee728b)  -> (artifact id: '859d280f5e8f467e732e507b8244f99c') in 0.045977 seconds
  Import took 0.056082 seconds .

========================================================================
Received Import Request.
  Time since last request: 0.003623 seconds.
  path: Assets/Prefabs/Levels/Pieces/Piece_01.prefab
  artifactKey: Guid(7e3fcba4fdc0b87408408baf507bd911) Importer(815301076,1909f56bfc062723c751e8b465ee728b)
Start importing Assets/Prefabs/Levels/Pieces/Piece_01.prefab using Guid(7e3fcba4fdc0b87408408baf507bd911) Importer(815301076,1909f56bfc062723c751e8b465ee728b)  -> (artifact id: '859d280f5e8f467e732e507b8244f99c') in 0.058550 seconds
  Import took 0.063252 seconds .

========================================================================
Received Prepare
Registering precompiled user dll's ...
Registered in 0.004702 seconds.
Begin MonoManager ReloadAssembly
Native extension for WindowsStandalone target not found
Refreshing native plugins compatible for Editor in 0.70 ms, found 0 plugins.
Preloading 0 native plugins for Editor in 0.00 ms.
Invoked RoslynAnalysisRunner static constructor.
RoslynAnalysisRunner will not be running.
RoslynAnalysisRunner has terminated.
Mono: successfully reloaded assembly
- Completed reload, in  1.362 seconds
Platform modules already initialized, skipping
Switching build target platform(5) subTarget(0) extendedPlatform(0) -> platform(13) subTarget(537395200) extendedPlatform(0)
Refreshing native plugins compatible for Editor in 0.30 ms, found 0 plugins.
Preloading 0 native plugins for Editor in 0.00 ms.
Unloading 1302 Unused Serialized files (Serialized files now loaded: 0)
System memory in use before: 138.3 MB.
System memory in use after: 138.4 MB.

Unloading 9 unused Assets to reduce memory usage. Loaded Objects now: 1784.
Total: 2.442900 ms (FindLiveObjects: 0.175100 ms CreateObjectMapping: 0.059200 ms MarkObjects: 2.066400 ms  DeleteObjects: 0.140500 ms)

AssetImportParameters requested are different than current active one (requested -> active):
  custom:graphics/normal-map-encoding: 01000000000000000000000000000000 -> 02000000000000000000000000000000
========================================================================
Received Import Request.
  Time since last request: 327.738372 seconds.
  path: Assets/Scripts/Player/PlayerAnimation.cs
  artifactKey: Guid(36015c8c5b367fd4a9d47040df0d15da) Importer(815301076,1909f56bfc062723c751e8b465ee728b)
Start importing Assets/Scripts/Player/PlayerAnimation.cs using Guid(36015c8c5b367fd4a9d47040df0d15da) Importer(815301076,1909f56bfc062723c751e8b465ee728b)  -> (artifact id: '59cbb4947beb63c9269d4db18e797fbf') in 0.044242 seconds
  Import took 0.050043 seconds .

========================================================================
Received Prepare
Registering precompiled user dll's ...
Registered in 0.003633 seconds.
Begin MonoManager ReloadAssembly
Native extension for WindowsStandalone target not found
Refreshing native plugins compatible for Editor in 0.35 ms, found 0 plugins.
Preloading 0 native plugins for Editor in 0.00 ms.
Invoked RoslynAnalysisRunner static constructor.
RoslynAnalysisRunner will not be running.
RoslynAnalysisRunner has terminated.
Mono: successfully reloaded assembly
- Completed reload, in  1.766 seconds
Platform modules already initialized, skipping
Switching build target platform(5) subTarget(0) extendedPlatform(0) -> platform(13) subTarget(537395200) extendedPlatform(0)
Refreshing native plugins compatible for Editor in 0.31 ms, found 0 plugins.
Preloading 0 native plugins for Editor in 0.00 ms.
Unloading 1302 Unused Serialized files (Serialized files now loaded: 0)
System memory in use before: 138.3 MB.
System memory in use after: 138.4 MB.

Unloading 8 unused Assets to reduce memory usage. Loaded Objects now: 1787.
Total: 3.324900 ms (FindLiveObjects: 0.276500 ms CreateObjectMapping: 0.079100 ms MarkObjects: 2.875800 ms  DeleteObjects: 0.091100 ms)

AssetImportParameters requested are different than current active one (requested -> active):
  custom:graphics/normal-map-encoding: 01000000000000000000000000000000 -> 02000000000000000000000000000000
========================================================================
Received Import Request.
  Time since last request: 38.649137 seconds.
  path: Assets/Scripts/Player/PlayerAnimation.cs
  artifactKey: Guid(36015c8c5b367fd4a9d47040df0d15da) Importer(815301076,1909f56bfc062723c751e8b465ee728b)
Start importing Assets/Scripts/Player/PlayerAnimation.cs using Guid(36015c8c5b367fd4a9d47040df0d15da) Importer(815301076,1909f56bfc062723c751e8b465ee728b)  -> (artifact id: '7a69c9188fddc6ba630e16e037312de5') in 0.010079 seconds
  Import took 0.015831 seconds .

========================================================================
Received Import Request.
  Time since last request: 4.496516 seconds.
  path: Assets/Scripts/Player/PlayerAnimation.cs
  artifactKey: Guid(36015c8c5b367fd4a9d47040df0d15da) Importer(815301076,1909f56bfc062723c751e8b465ee728b)
Start importing Assets/Scripts/Player/PlayerAnimation.cs using Guid(36015c8c5b367fd4a9d47040df0d15da) Importer(815301076,1909f56bfc062723c751e8b465ee728b)  -> (artifact id: '7a69c9188fddc6ba630e16e037312de5') in 0.046050 seconds
  Import took 0.051969 seconds .

========================================================================
Received Prepare
Registering precompiled user dll's ...
Registered in 0.003515 seconds.
Begin MonoManager ReloadAssembly
Native extension for WindowsStandalone target not found
Refreshing native plugins compatible for Editor in 0.31 ms, found 0 plugins.
Preloading 0 native plugins for Editor in 0.00 ms.
Invoked RoslynAnalysisRunner static constructor.
RoslynAnalysisRunner will not be running.
RoslynAnalysisRunner has terminated.
Mono: successfully reloaded assembly
- Completed reload, in  1.591 seconds
Platform modules already initialized, skipping
Switching build target platform(5) subTarget(0) extendedPlatform(0) -> platform(13) subTarget(537395200) extendedPlatform(0)
Refreshing native plugins compatible for Editor in 0.29 ms, found 0 plugins.
Preloading 0 native plugins for Editor in 0.00 ms.
Unloading 1302 Unused Serialized files (Serialized files now loaded: 0)
System memory in use before: 138.3 MB.
System memory in use after: 138.4 MB.

Unloading 8 unused Assets to reduce memory usage. Loaded Objects now: 1790.
Total: 2.567300 ms (FindLiveObjects: 0.174000 ms CreateObjectMapping: 0.057300 ms MarkObjects: 2.253000 ms  DeleteObjects: 0.081400 ms)

AssetImportParameters requested are different than current active one (requested -> active):
  custom:graphics/normal-map-encoding: 01000000000000000000000000000000 -> 02000000000000000000000000000000
AssetImportWorkerClient::OnTransportError - code=2 error=End of file
